<?xml version="1.0" encoding="UTF-8"?>
<!-- Generated by org.testng.reporters.JUnitXMLReporter -->
<testsuite ignored="2" hostname="Nitin" failures="0" tests="1" name="Default test" time="9.237" errors="0" timestamp="2023-09-13T20:46:09 IST">
  <testcase classname="com.spicejet.test.ChckFsatusManage" name="chkValidateTest" time="8.972"/>
  <testcase classname="com.spicejet.test.ChckFsatusManage" name="checkValidateTest2" time="0.0">
    <ignored/>
  </testcase> <!-- checkValidateTest2 -->
  <testcase classname="com.spicejet.test.ChckFsatusManage" name="chkValidateTest1" time="0.0">
    <ignored/>
  </testcase> <!-- chkValidateTest1 -->
</testsuite> <!-- Default test -->
