<?xml version="1.0" encoding="UTF-8"?>
<testng-results ignored="0" total="1" passed="1" failed="0" skipped="0">
  <reporter-output>
  </reporter-output>
  <suite started-at="2023-09-12T19:27:53 IST" name="Default suite" finished-at="2023-09-12T19:28:38 IST" duration-ms="45475">
    <groups>
    </groups>
    <test started-at="2023-09-12T19:27:53 IST" name="Default test" finished-at="2023-09-12T19:28:38 IST" duration-ms="45475">
      <class name="com.spicejet.test.ProceedToBookingTest">
        <test-method signature="proceedTest()[pri:0, instance:com.spicejet.test.ProceedToBookingTest@5fe94a96]" started-at="2023-09-12T19:27:53 IST" name="proceedTest" finished-at="2023-09-12T19:28:38 IST" duration-ms="45104" status="PASS">
          <reporter-output>
          </reporter-output>
        </test-method> <!-- proceedTest -->
        <test-method is-config="true" signature="closeAllBrowsers()[pri:0, instance:com.spicejet.test.ProceedToBookingTest@5fe94a96]" started-at="2023-09-12T19:28:38 IST" name="closeAllBrowsers" finished-at="2023-09-12T19:28:38 IST" duration-ms="318" status="PASS">
          <reporter-output>
          </reporter-output>
        </test-method> <!-- closeAllBrowsers -->
      </class> <!-- com.spicejet.test.ProceedToBookingTest -->
    </test> <!-- Default test -->
  </suite> <!-- Default suite -->
</testng-results>
